<?xml version="1.0" encoding="UTF-8"?>
<robot generator="Robot 3.2.2 (Python 3.8.5 on darwin)" generated="20201006 22:10:00.427" rpa="false">
<suite id="s1" name="ProjetRessources" source="/Users/coronadouglass 1/robot-workspace/ProjetRessources">
<suite id="s1-s1" name="TestCases" source="/Users/coronadouglass 1/robot-workspace/ProjetRessources/TestCases">
<suite id="s1-s1-s1" name="ManipulationElement2" source="/Users/coronadouglass 1/robot-workspace/ProjetRessources/TestCases/ManipulationElement2.robot">
<test id="s1-s1-s1-t1" name="TC_001">
<kw name="Log" library="BuiltIn">
<doc>Logs the given message with the given level.</doc>
<arguments>
<arg>%{PATH}</arg>
</arguments>
<msg timestamp="20201006 22:10:00.994" level="INFO">/usr/bin:/bin:/usr/sbin:/sbin</msg>
<status status="PASS" starttime="20201006 22:10:00.992" endtime="20201006 22:10:00.994"></status>
</kw>
<kw name="Append To Environment Variable" library="OperatingSystem">
<doc>Appends given ``values`` to environment variable ``name``.</doc>
<arguments>
<arg>PATH</arg>
<arg>/usr/local/bin</arg>
</arguments>
<msg timestamp="20201006 22:10:00.995" level="INFO">Environment variable 'PATH' set to value '/usr/bin:/bin:/usr/sbin:/sbin:/usr/local/bin'.</msg>
<status status="PASS" starttime="20201006 22:10:00.995" endtime="20201006 22:10:00.995"></status>
</kw>
<kw name="Log" library="BuiltIn">
<doc>Logs the given message with the given level.</doc>
<arguments>
<arg>%{PATH}</arg>
</arguments>
<msg timestamp="20201006 22:10:00.996" level="INFO">/usr/bin:/bin:/usr/sbin:/sbin:/usr/local/bin</msg>
<status status="PASS" starttime="20201006 22:10:00.996" endtime="20201006 22:10:00.997"></status>
</kw>
<kw name="Open Browser" library="SeleniumLibrary">
<doc>Opens a new browser instance to the optional ``url``.</doc>
<arguments>
<arg>${url}</arg>
<arg>${browser}</arg>
</arguments>
<msg timestamp="20201006 22:10:00.999" level="INFO">Opening browser 'gc' to base url 'http://omayo.blogspot.com/'.</msg>
<status status="PASS" starttime="20201006 22:10:00.997" endtime="20201006 22:10:06.379"></status>
</kw>
<kw name="Maximize Browser Window" library="SeleniumLibrary">
<doc>Maximizes current browser window.</doc>
<status status="PASS" starttime="20201006 22:10:06.381" endtime="20201006 22:10:06.621"></status>
</kw>
<kw name="Set Selenium Speed" library="SeleniumLibrary">
<doc>Sets the delay that is waited after each Selenium command.</doc>
<arguments>
<arg>3s</arg>
</arguments>
<status status="PASS" starttime="20201006 22:10:06.622" endtime="20201006 22:10:06.624"></status>
</kw>
<kw name="Select From List By Index" library="SeleniumLibrary">
<doc>Selects options from selection list ``locator`` by ``indexes``.</doc>
<arguments>
<arg>id=drop1</arg>
<arg>1</arg>
</arguments>
<msg timestamp="20201006 22:10:06.625" level="INFO">Selecting options from selection list 'id=drop1' by index 1.</msg>
<status status="PASS" starttime="20201006 22:10:06.624" endtime="20201006 22:10:33.828"></status>
</kw>
<kw name="Select From List By Value" library="SeleniumLibrary">
<doc>Selects options from selection list ``locator`` by ``values``.</doc>
<arguments>
<arg>id=drop1</arg>
<arg>jkl</arg>
</arguments>
<msg timestamp="20201006 22:10:33.832" level="INFO">Selecting options from selection list 'id=drop1' by value jkl.</msg>
<kw name="Capture Page Screenshot" library="SeleniumLibrary">
<doc>Takes a screenshot of the current page and embeds it into a log file.</doc>
<msg timestamp="20201006 22:10:42.906" level="FAIL">NoSuchWindowException: Message: no such window: window was already closed
  (Session info: chrome=85.0.4183.121)
</msg>
<status status="FAIL" starttime="20201006 22:10:42.882" endtime="20201006 22:10:42.906"></status>
</kw>
<msg timestamp="20201006 22:10:42.907" level="WARN">Keyword 'Capture Page Screenshot' could not be run on failure: NoSuchWindowException: Message: no such window: window was already closed
  (Session info: chrome=85.0.4183.121)
</msg>
<msg timestamp="20201006 22:10:42.911" level="FAIL">NoSuchWindowException: Message: no such window: window was already closed
  (Session info: chrome=85.0.4183.121)
</msg>
<status status="FAIL" starttime="20201006 22:10:33.830" endtime="20201006 22:10:42.911"></status>
</kw>
<status status="FAIL" starttime="20201006 22:10:00.990" endtime="20201006 22:10:42.912" critical="yes">NoSuchWindowException: Message: no such window: window was already closed
  (Session info: chrome=85.0.4183.121)
</status>
</test>
<test id="s1-s1-s1-t2" name="TC_002">
<kw name="Log" library="BuiltIn">
<doc>Logs the given message with the given level.</doc>
<arguments>
<arg>%{PATH}</arg>
</arguments>
<msg timestamp="20201006 22:10:42.918" level="INFO">/usr/bin:/bin:/usr/sbin:/sbin:/usr/local/bin</msg>
<status status="PASS" starttime="20201006 22:10:42.917" endtime="20201006 22:10:42.919"></status>
</kw>
<kw name="Append To Environment Variable" library="OperatingSystem">
<doc>Appends given ``values`` to environment variable ``name``.</doc>
<arguments>
<arg>PATH</arg>
<arg>/usr/local/bin</arg>
</arguments>
<msg timestamp="20201006 22:10:42.921" level="INFO">Environment variable 'PATH' set to value '/usr/bin:/bin:/usr/sbin:/sbin:/usr/local/bin:/usr/local/bin'.</msg>
<status status="PASS" starttime="20201006 22:10:42.920" endtime="20201006 22:10:42.921"></status>
</kw>
<kw name="Log" library="BuiltIn">
<doc>Logs the given message with the given level.</doc>
<arguments>
<arg>%{PATH}</arg>
</arguments>
<msg timestamp="20201006 22:10:42.923" level="INFO">/usr/bin:/bin:/usr/sbin:/sbin:/usr/local/bin:/usr/local/bin</msg>
<status status="PASS" starttime="20201006 22:10:42.922" endtime="20201006 22:10:42.923"></status>
</kw>
<kw name="Open Browser" library="SeleniumLibrary">
<doc>Opens a new browser instance to the optional ``url``.</doc>
<arguments>
<arg>${url}</arg>
<arg>${browser}</arg>
</arguments>
<msg timestamp="20201006 22:10:42.925" level="INFO">Opening browser 'gc' to base url 'http://omayo.blogspot.com/'.</msg>
<status status="PASS" starttime="20201006 22:10:42.924" endtime="20201006 22:10:51.532"></status>
</kw>
<kw name="Maximize Browser Window" library="SeleniumLibrary">
<doc>Maximizes current browser window.</doc>
<status status="PASS" starttime="20201006 22:10:51.534" endtime="20201006 22:10:54.765"></status>
</kw>
<kw name="Set Selenium Speed" library="SeleniumLibrary">
<doc>Sets the delay that is waited after each Selenium command.</doc>
<arguments>
<arg>3s</arg>
</arguments>
<status status="PASS" starttime="20201006 22:10:54.766" endtime="20201006 22:10:54.768"></status>
</kw>
<kw name="Select From List By Label" library="SeleniumLibrary">
<doc>Selects options from selection list ``locator`` by ``labels``.</doc>
<arguments>
<arg>id=multiselect1</arg>
<arg>Volvo</arg>
</arguments>
<msg timestamp="20201006 22:10:54.770" level="INFO">Selecting options from selection list 'id=multiselect1' by label Volvo.</msg>
<status status="PASS" starttime="20201006 22:10:54.769" endtime="20201006 22:11:15.937"></status>
</kw>
<kw name="Select From List By Label" library="SeleniumLibrary">
<doc>Selects options from selection list ``locator`` by ``labels``.</doc>
<arguments>
<arg>id=multiselect1</arg>
<arg>Audi</arg>
</arguments>
<msg timestamp="20201006 22:11:15.941" level="INFO">Selecting options from selection list 'id=multiselect1' by label Audi.</msg>
<status status="PASS" starttime="20201006 22:11:15.938" endtime="20201006 22:11:37.103"></status>
</kw>
<kw name="Select From List By Label" library="SeleniumLibrary">
<doc>Selects options from selection list ``locator`` by ``labels``.</doc>
<arguments>
<arg>id=multiselect1</arg>
<arg>Swift</arg>
</arguments>
<msg timestamp="20201006 22:11:37.104" level="INFO">Selecting options from selection list 'id=multiselect1' by label Swift.</msg>
<status status="PASS" starttime="20201006 22:11:37.103" endtime="20201006 22:11:58.250"></status>
</kw>
<kw name="Close Browser" library="SeleniumLibrary">
<doc>Closes the current browser.</doc>
<status status="PASS" starttime="20201006 22:11:58.251" endtime="20201006 22:12:01.421"></status>
</kw>
<status status="PASS" starttime="20201006 22:10:42.914" endtime="20201006 22:12:01.422" critical="yes"></status>
</test>
<status status="FAIL" starttime="20201006 22:10:00.559" endtime="20201006 22:12:01.425"></status>
</suite>
<status status="FAIL" starttime="20201006 22:10:00.555" endtime="20201006 22:12:01.432"></status>
</suite>
<status status="FAIL" starttime="20201006 22:10:00.492" endtime="20201006 22:12:01.436"></status>
</suite>
<statistics>
<total>
<stat pass="1" fail="1">Critical Tests</stat>
<stat pass="1" fail="1">All Tests</stat>
</total>
<tag>
</tag>
<suite>
<stat pass="1" fail="1" id="s1" name="ProjetRessources">ProjetRessources</stat>
<stat pass="1" fail="1" id="s1-s1" name="TestCases">ProjetRessources.TestCases</stat>
<stat pass="1" fail="1" id="s1-s1-s1" name="ManipulationElement2">ProjetRessources.TestCases.ManipulationElement2</stat>
</suite>
</statistics>
<errors>
<msg timestamp="20201006 22:10:42.907" level="WARN">Keyword 'Capture Page Screenshot' could not be run on failure: NoSuchWindowException: Message: no such window: window was already closed
  (Session info: chrome=85.0.4183.121)
</msg>
</errors>
</robot>
